Build started 9/1/2018 1:20:40 PM.
     1>Project "C:\Users\user\Documents\AyushWork\projects\writeDigital\writeDigital.vcxproj" on node 2 (rebuild target(s)).
     1>InitializeBuildStatus:
         Touching "Debug\writeDigital.unsuccessfulbuild".
       ClCompile:
         c:\Program Files\Microsoft Visual Studio 10.0\VC\bin\CL.exe /c /ZI /nologo /W3 /WX- /Od /Oy- /D WIN32 /D _DEBUG /D _WINDOWS /D _USRDLL /D WRITEDIGITAL_EXPORTS /D _WINDLL /D _UNICODE /D UNICODE /Gm /EHsc /RTC1 /MDd /GS /fp:precise /Zc:wchar_t /Zc:forScope /Fo"Debug\\" /Fd"Debug\vc100.pdb" /Gd /TP /analyze- /errorReport:prompt writeDigital.cpp
         writeDigital.cpp
       ManifestResourceCompile:
         c:\Program Files\Microsoft SDKs\Windows\v7.0A\bin\rc.exe /nologo /fo"Debug\writeDigital.dll.embed.manifest.res" Debug\writeDigital_manifest.rc 
       Link:
         c:\Program Files\Microsoft Visual Studio 10.0\VC\bin\link.exe /ERRORREPORT:PROMPT /OUT:"C:\Users\user\Documents\AyushWork\projects\writeDigital\Debug\writeDigital.dll" /INCREMENTAL /NOLOGO /LIBPATH:"C:\Program Files\National Instruments\NI-DAQ\DAQmx ANSI C Dev\lib\msvc" /LIBPATH:"C:\Program Files\National Instruments\Shared\ExternalCompilerSupport\C\lib32\msvc" kernel32.lib user32.lib gdi32.lib winspool.lib comdlg32.lib advapi32.lib shell32.lib ole32.lib oleaut32.lib uuid.lib odbc32.lib odbccp32.lib /MANIFEST /ManifestFile:"Debug\writeDigital.dll.intermediate.manifest" /MANIFESTUAC:"level='asInvoker' uiAccess='false'" /DEBUG /PDB:"C:\Users\user\Documents\AyushWork\projects\writeDigital\Debug\writeDigital.pdb" /SUBSYSTEM:WINDOWS /TLBID:1 /DYNAMICBASE /NXCOMPAT /IMPLIB:"C:\Users\user\Documents\AyushWork\projects\writeDigital\Debug\writeDigital.lib" /MACHINE:X86 /DLL Debug\writeDigital.dll.embed.manifest.res
         Debug\writeDigital.obj
            Creating library C:\Users\user\Documents\AyushWork\projects\writeDigital\Debug\writeDigital.lib and object C:\Users\user\Documents\AyushWork\projects\writeDigital\Debug\writeDigital.exp
       Manifest:
         Deleting file "Debug\writeDigital.dll.embed.manifest".
         c:\Program Files\Microsoft SDKs\Windows\v7.0A\bin\mt.exe /nologo /verbose /out:"Debug\writeDigital.dll.embed.manifest" /manifest Debug\writeDigital.dll.intermediate.manifest
         c:\Program Files\Microsoft SDKs\Windows\v7.0A\bin\rc.exe /nologo /fo"Debug\writeDigital.dll.embed.manifest.res" Debug\writeDigital_manifest.rc 
       LinkEmbedManifest:
         c:\Program Files\Microsoft Visual Studio 10.0\VC\bin\link.exe /ERRORREPORT:PROMPT /OUT:"C:\Users\user\Documents\AyushWork\projects\writeDigital\Debug\writeDigital.dll" /INCREMENTAL /NOLOGO /LIBPATH:"C:\Program Files\National Instruments\NI-DAQ\DAQmx ANSI C Dev\lib\msvc" /LIBPATH:"C:\Program Files\National Instruments\Shared\ExternalCompilerSupport\C\lib32\msvc" kernel32.lib user32.lib gdi32.lib winspool.lib comdlg32.lib advapi32.lib shell32.lib ole32.lib oleaut32.lib uuid.lib odbc32.lib odbccp32.lib /MANIFEST /ManifestFile:"Debug\writeDigital.dll.intermediate.manifest" /MANIFESTUAC:"level='asInvoker' uiAccess='false'" /DEBUG /PDB:"C:\Users\user\Documents\AyushWork\projects\writeDigital\Debug\writeDigital.pdb" /SUBSYSTEM:WINDOWS /TLBID:1 /DYNAMICBASE /NXCOMPAT /IMPLIB:"C:\Users\user\Documents\AyushWork\projects\writeDigital\Debug\writeDigital.lib" /MACHINE:X86 /DLL Debug\writeDigital.dll.embed.manifest.res
         Debug\writeDigital.obj
            Creating library C:\Users\user\Documents\AyushWork\projects\writeDigital\Debug\writeDigital.lib and object C:\Users\user\Documents\AyushWork\projects\writeDigital\Debug\writeDigital.exp
         writeDigital.vcxproj -> C:\Users\user\Documents\AyushWork\projects\writeDigital\Debug\writeDigital.dll
       FinalizeBuildStatus:
         Deleting file "Debug\writeDigital.unsuccessfulbuild".
         Touching "Debug\writeDigital.lastbuildstate".
     1>Done Building Project "C:\Users\user\Documents\AyushWork\projects\writeDigital\writeDigital.vcxproj" (rebuild target(s)).

Build succeeded.

Time Elapsed 00:00:00.67
